<?xml version="1.0" encoding="UTF-8"?>
<!-- Generated by org.testng.reporters.JUnitXMLReporter -->
<testsuite ignored="0" hostname="anotsek-ws-krakow" failures="12" tests="17" name="Surefire test" time="5.933" errors="0" timestamp="19 Nov 2018 19:59:55 GMT">
  <testcase classname="NegativeCurrencyTest" name="incorrectCurrentAverageExchangeRateTest" time="1.842">
    <failure type="java.lang.AssertionError" message="The following asserts failed:
	Returned incorrect status code:  expected [400] but found [404],
	Returned incorrect response body:  expected [400 Bad Request] but found [404 NotFound - Not Found - Brak danych]">
      <![CDATA[java.lang.AssertionError: The following asserts failed:
Returned incorrect status code:  expected [400] but found [404],
Returned incorrect response body:  expected [400 Bad Request] but found [404 NotFound - Not Found - Brak danych]
at NegativeCurrencyTest.incorrectCurrentAverageExchangeRateTest(NegativeCurrencyTest.java:37)
... Removed 30 stack frames]]>
    </failure>
  </testcase> <!-- incorrectCurrentAverageExchangeRateTest -->
  <testcase classname="NegativeCurrencyTest" name="incorrectCurrentAverageExchangeRateTest" time="0.125">
    <failure type="java.lang.AssertionError" message="The following asserts failed:
	Returned incorrect status code:  expected [400] but found [404],
	Returned incorrect response body:  expected [400 Bad Request] but found [404 NotFound - Not Found - Brak danych]">
      <![CDATA[java.lang.AssertionError: The following asserts failed:
Returned incorrect status code:  expected [400] but found [404],
Returned incorrect response body:  expected [400 Bad Request] but found [404 NotFound - Not Found - Brak danych]
at NegativeCurrencyTest.incorrectCurrentAverageExchangeRateTest(NegativeCurrencyTest.java:37)
... Removed 30 stack frames]]>
    </failure>
  </testcase> <!-- incorrectCurrentAverageExchangeRateTest -->
  <testcase classname="NegativeCurrencyTest" name="incorrectCurrentAverageExchangeRateTest" time="0.171">
    <failure type="java.lang.AssertionError" message="The following asserts failed:
	Returned incorrect response body:  expected [400 Bad Request] but found [400 BadRequest - Bad Request - Nieprawidłowa wartość parametru: {table}=&amp;apos;r&amp;apos;]">
      <![CDATA[java.lang.AssertionError: The following asserts failed:
Returned incorrect response body:  expected [400 Bad Request] but found [400 BadRequest - Bad Request - Nieprawidłowa wartość parametru: {table}='r']
at NegativeCurrencyTest.incorrectCurrentAverageExchangeRateTest(NegativeCurrencyTest.java:37)
... Removed 30 stack frames]]>
    </failure>
  </testcase> <!-- incorrectCurrentAverageExchangeRateTest -->
  <testcase classname="NegativeCurrencyTest" name="incorrectCurrentAverageExchangeRateTest" time="0.172">
    <failure type="java.lang.AssertionError" message="The following asserts failed:
	Returned incorrect status code:  expected [400] but found [404],
	Returned incorrect response body:  expected [400 Bad Request] but found [﻿404 NotFound]">
      <![CDATA[java.lang.AssertionError: The following asserts failed:
Returned incorrect status code:  expected [400] but found [404],
Returned incorrect response body:  expected [400 Bad Request] but found [﻿404 NotFound]
at NegativeCurrencyTest.incorrectCurrentAverageExchangeRateTest(NegativeCurrencyTest.java:37)
... Removed 30 stack frames]]>
    </failure>
  </testcase> <!-- incorrectCurrentAverageExchangeRateTest -->
  <testcase classname="NegativeCurrencyTest" name="incorrectCurrentAverageExchangeRateTest" time="0.112">
    <failure type="java.lang.AssertionError" message="The following asserts failed:
	Returned incorrect status code:  expected [400] but found [404],
	Returned incorrect response body:  expected [400 Bad Request] but found [﻿404 NotFound]">
      <![CDATA[java.lang.AssertionError: The following asserts failed:
Returned incorrect status code:  expected [400] but found [404],
Returned incorrect response body:  expected [400 Bad Request] but found [﻿404 NotFound]
at NegativeCurrencyTest.incorrectCurrentAverageExchangeRateTest(NegativeCurrencyTest.java:37)
... Removed 30 stack frames]]>
    </failure>
  </testcase> <!-- incorrectCurrentAverageExchangeRateTest -->
  <testcase classname="NegativeCurrencyTest" name="incorrectCurrentAverageExchangeRateTest" time="0.128">
    <failure type="java.lang.AssertionError" message="The following asserts failed:
	Returned incorrect status code:  expected [400] but found [404],
	Returned incorrect response body:  expected [400 Bad Request] but found [﻿404 NotFound]">
      <![CDATA[java.lang.AssertionError: The following asserts failed:
Returned incorrect status code:  expected [400] but found [404],
Returned incorrect response body:  expected [400 Bad Request] but found [﻿404 NotFound]
at NegativeCurrencyTest.incorrectCurrentAverageExchangeRateTest(NegativeCurrencyTest.java:37)
... Removed 30 stack frames]]>
    </failure>
  </testcase> <!-- incorrectCurrentAverageExchangeRateTest -->
  <testcase classname="NegativeCurrencyTest" name="incorrectCurrentAverageExchangeRateTest" time="0.761">
    <failure type="java.lang.AssertionError" message="The following asserts failed:
	Returned incorrect status code:  expected [400] but found [404],
	Returned incorrect response body:  expected [400 Bad Request] but found [﻿404 NotFound]">
      <![CDATA[java.lang.AssertionError: The following asserts failed:
Returned incorrect status code:  expected [400] but found [404],
Returned incorrect response body:  expected [400 Bad Request] but found [﻿404 NotFound]
at NegativeCurrencyTest.incorrectCurrentAverageExchangeRateTest(NegativeCurrencyTest.java:37)
... Removed 30 stack frames]]>
    </failure>
  </testcase> <!-- incorrectCurrentAverageExchangeRateTest -->
  <testcase classname="NegativeCurrencyTest" name="incorrectCurrentAverageExchangeRateTest" time="0.15">
    <failure type="java.lang.AssertionError" message="The following asserts failed:
	Returned incorrect status code:  expected [400] but found [404],
	Returned incorrect response body:  expected [400 Bad Request] but found [﻿404 NotFound]">
      <![CDATA[java.lang.AssertionError: The following asserts failed:
Returned incorrect status code:  expected [400] but found [404],
Returned incorrect response body:  expected [400 Bad Request] but found [﻿404 NotFound]
at NegativeCurrencyTest.incorrectCurrentAverageExchangeRateTest(NegativeCurrencyTest.java:37)
... Removed 30 stack frames]]>
    </failure>
  </testcase> <!-- incorrectCurrentAverageExchangeRateTest -->
  <testcase classname="NegativeCurrencyTest" name="incorrectCurrentAverageExchangeRateTest" time="0.863">
    <failure type="java.lang.AssertionError" message="The following asserts failed:
	Returned incorrect status code:  expected [400] but found [404],
	Returned incorrect response body:  expected [400 Bad Request] but found [﻿404 NotFound]">
      <![CDATA[java.lang.AssertionError: The following asserts failed:
Returned incorrect status code:  expected [400] but found [404],
Returned incorrect response body:  expected [400 Bad Request] but found [﻿404 NotFound]
at NegativeCurrencyTest.incorrectCurrentAverageExchangeRateTest(NegativeCurrencyTest.java:37)
... Removed 30 stack frames]]>
    </failure>
  </testcase> <!-- incorrectCurrentAverageExchangeRateTest -->
  <testcase classname="NegativeCurrencyTest" name="incorrectCurrentAverageExchangeRateTest" time="0.094">
    <failure type="java.lang.AssertionError" message="The following asserts failed:
	Returned incorrect status code:  expected [400] but found [404],
	Returned incorrect response body:  expected [400 Bad Request] but found [﻿404 NotFound]">
      <![CDATA[java.lang.AssertionError: The following asserts failed:
Returned incorrect status code:  expected [400] but found [404],
Returned incorrect response body:  expected [400 Bad Request] but found [﻿404 NotFound]
at NegativeCurrencyTest.incorrectCurrentAverageExchangeRateTest(NegativeCurrencyTest.java:37)
... Removed 30 stack frames]]>
    </failure>
  </testcase> <!-- incorrectCurrentAverageExchangeRateTest -->
  <testcase classname="NegativeCurrencyTest" name="incorrectCurrentAverageExchangeRateTest" time="0.105">
    <failure type="java.lang.AssertionError" message="The following asserts failed:
	Returned incorrect status code:  expected [400] but found [404],
	Returned incorrect response body:  expected [400 Bad Request] but found [﻿404 NotFound]">
      <![CDATA[java.lang.AssertionError: The following asserts failed:
Returned incorrect status code:  expected [400] but found [404],
Returned incorrect response body:  expected [400 Bad Request] but found [﻿404 NotFound]
at NegativeCurrencyTest.incorrectCurrentAverageExchangeRateTest(NegativeCurrencyTest.java:37)
... Removed 30 stack frames]]>
    </failure>
  </testcase> <!-- incorrectCurrentAverageExchangeRateTest -->
  <testcase classname="NegativeCurrencyTest" name="incorrectCurrentAverageExchangeRateTest" time="0.112">
    <failure type="java.lang.AssertionError" message="The following asserts failed:
	Returned incorrect status code:  expected [400] but found [404],
	Returned incorrect response body:  expected [400 Bad Request] but found [﻿404 NotFound]">
      <![CDATA[java.lang.AssertionError: The following asserts failed:
Returned incorrect status code:  expected [400] but found [404],
Returned incorrect response body:  expected [400 Bad Request] but found [﻿404 NotFound]
at NegativeCurrencyTest.incorrectCurrentAverageExchangeRateTest(NegativeCurrencyTest.java:37)
... Removed 30 stack frames]]>
    </failure>
  </testcase> <!-- incorrectCurrentAverageExchangeRateTest -->
  <testcase classname="PositiveCurrencyTest" name="currentAverageExchangeRateTest" time="0.206"/>
  <testcase classname="PositiveCurrencyTest" name="currentAverageExchangeRateTest" time="0.109"/>
  <testcase classname="PositiveCurrencyTest" name="currentAverageExchangeRateTest" time="0.093"/>
  <testcase classname="PositiveCurrencyTest" name="currentAverageExchangeRateTest" time="0.362"/>
  <testcase classname="PositiveCurrencyTest" name="currentAverageExchangeRateTest" time="0.277"/>
</testsuite> <!-- Surefire test -->
