<?xml version="1.0" encoding="UTF-8"?>
<!-- Generated by org.testng.reporters.JUnitXMLReporter -->
<testsuite ignored="0" hostname="anotsek-rj-krakow" failures="4" tests="9" name="Surefire test" time="3.89" errors="0" timestamp="19 Nov 2018 16:23:07 GMT">
  <testcase classname="NegativeCurrencyTest" name="incorrectCurrentAverageExchangeRateTest" time="1.591">
    <failure type="java.lang.AssertionError" message="The following asserts failed:
	Returned incorrect status code:  expected [400] but found [404],
	Returned incorrect response body:  expected [400 Bad Request] but found [404 NotFound - Not Found - Brak danych]">
      <![CDATA[java.lang.AssertionError: The following asserts failed:
Returned incorrect status code:  expected [400] but found [404],
Returned incorrect response body:  expected [400 Bad Request] but found [404 NotFound - Not Found - Brak danych]
at NegativeCurrencyTest.incorrectCurrentAverageExchangeRateTest(NegativeCurrencyTest.java:31)
... Removed 30 stack frames]]>
    </failure>
  </testcase> <!-- incorrectCurrentAverageExchangeRateTest -->
  <testcase classname="NegativeCurrencyTest" name="incorrectCurrentAverageExchangeRateTest" time="0.135">
    <failure type="java.lang.AssertionError" message="The following asserts failed:
	Returned incorrect response body:  expected [400 Bad Request] but found [400 BadRequest - Bad Request - Nieprawidłowa wartość parametru: {table}=&amp;apos;r&amp;apos;]">
      <![CDATA[java.lang.AssertionError: The following asserts failed:
Returned incorrect response body:  expected [400 Bad Request] but found [400 BadRequest - Bad Request - Nieprawidłowa wartość parametru: {table}='r']
at NegativeCurrencyTest.incorrectCurrentAverageExchangeRateTest(NegativeCurrencyTest.java:31)
... Removed 30 stack frames]]>
    </failure>
  </testcase> <!-- incorrectCurrentAverageExchangeRateTest -->
  <testcase classname="NegativeCurrencyTest" name="incorrectCurrentAverageExchangeRateTest" time="0.923">
    <failure type="java.lang.AssertionError" message="The following asserts failed:
	Returned incorrect status code:  expected [400] but found [404],
	Returned incorrect response body:  expected [400 Bad Request] but found [﻿404 NotFound]">
      <![CDATA[java.lang.AssertionError: The following asserts failed:
Returned incorrect status code:  expected [400] but found [404],
Returned incorrect response body:  expected [400 Bad Request] but found [﻿404 NotFound]
at NegativeCurrencyTest.incorrectCurrentAverageExchangeRateTest(NegativeCurrencyTest.java:31)
... Removed 30 stack frames]]>
    </failure>
  </testcase> <!-- incorrectCurrentAverageExchangeRateTest -->
  <testcase classname="NegativeCurrencyTest" name="incorrectCurrentAverageExchangeRateTest" time="0.249">
    <failure type="java.lang.AssertionError" message="The following asserts failed:
	Returned incorrect status code:  expected [400] but found [404],
	Returned incorrect response body:  expected [400 Bad Request] but found [﻿404 NotFound]">
      <![CDATA[java.lang.AssertionError: The following asserts failed:
Returned incorrect status code:  expected [400] but found [404],
Returned incorrect response body:  expected [400 Bad Request] but found [﻿404 NotFound]
at NegativeCurrencyTest.incorrectCurrentAverageExchangeRateTest(NegativeCurrencyTest.java:31)
... Removed 30 stack frames]]>
    </failure>
  </testcase> <!-- incorrectCurrentAverageExchangeRateTest -->
  <testcase classname="PositiveCurrencyTest" name="currentAverageExchangeRateTest" time="0.239"/>
  <testcase classname="PositiveCurrencyTest" name="currentAverageExchangeRateTest" time="0.183"/>
  <testcase classname="PositiveCurrencyTest" name="currentAverageExchangeRateTest" time="0.119"/>
  <testcase classname="PositiveCurrencyTest" name="currentAverageExchangeRateTest" time="0.183"/>
  <testcase classname="PositiveCurrencyTest" name="currentAverageExchangeRateTest" time="0.12"/>
</testsuite> <!-- Surefire test -->
