<!DOCTYPE html PUBLIC "-//W3C//DTD XHTML 1.1//EN" "http://www.w3.org/TR/xhtml11/DTD/xhtml11.dtd">
<html xmlns="http://www.w3.org/1999/xhtml">
<head>
<meta http-equiv="content-type" content="text/html; charset=UTF-8"/>
<title>TestNG Report</title>
<style type="text/css">table {margin-bottom:10px;border-collapse:collapse;empty-cells:show}th,td {border:1px solid #009;padding:.25em .5em}th {vertical-align:bottom}td {vertical-align:top}table a {font-weight:bold}.stripe td {background-color: #E6EBF9}.num {text-align:right}.passedodd td {background-color: #3F3}.passedeven td {background-color: #0A0}.skippedodd td {background-color: #DDD}.skippedeven td {background-color: #CCC}.failedodd td,.attn {background-color: #F33}.failedeven td,.stripe .attn {background-color: #D00}.stacktrace {white-space:pre;font-family:monospace}.totop {font-size:85%;text-align:center;border-bottom:2px solid #000}.invisible {display:none}</style>
</head>
<body>
<table>
<tr><th>Test</th><th># Passed</th><th># Skipped</th><th># Failed</th><th>Time (ms)</th><th>Included Groups</th><th>Excluded Groups</th></tr>
<tr><th colspan="7">Surefire suite</th></tr>
<tr><td><a href="#t0">Surefire test</a></td><td class="num">0</td><td class="num">0</td><td class="num attn">17</td><td class="num">12,403</td><td></td><td></td></tr>
</table>
<table id='summary'><thead><tr><th>Class</th><th>Method</th><th>Start</th><th>Time (ms)</th></tr></thead><tbody><tr><th colspan="4">Surefire suite</th></tr></tbody><tbody id="t0"><tr><th colspan="4">Surefire test &#8212; failed</th></tr><tr class="failedeven"><td rowspan="12">NegativeCurrencyTest</td><td><a href="#m0">incorrectCurrentAverageExchangeRateTest</a></td><td rowspan="12">1542631125512</td><td rowspan="12">3795</td></tr><tr class="failedeven"><td><a href="#m1">incorrectCurrentAverageExchangeRateTest</a></td></tr><tr class="failedeven"><td><a href="#m2">incorrectCurrentAverageExchangeRateTest</a></td></tr><tr class="failedeven"><td><a href="#m3">incorrectCurrentAverageExchangeRateTest</a></td></tr><tr class="failedeven"><td><a href="#m4">incorrectCurrentAverageExchangeRateTest</a></td></tr><tr class="failedeven"><td><a href="#m5">incorrectCurrentAverageExchangeRateTest</a></td></tr><tr class="failedeven"><td><a href="#m6">incorrectCurrentAverageExchangeRateTest</a></td></tr><tr class="failedeven"><td><a href="#m7">incorrectCurrentAverageExchangeRateTest</a></td></tr><tr class="failedeven"><td><a href="#m8">incorrectCurrentAverageExchangeRateTest</a></td></tr><tr class="failedeven"><td><a href="#m9">incorrectCurrentAverageExchangeRateTest</a></td></tr><tr class="failedeven"><td><a href="#m10">incorrectCurrentAverageExchangeRateTest</a></td></tr><tr class="failedeven"><td><a href="#m11">incorrectCurrentAverageExchangeRateTest</a></td></tr><tr class="failedodd"><td rowspan="5">PositiveCurrencyTest</td><td><a href="#m12">currentAverageExchangeRateTest</a></td><td rowspan="5">1542631134975</td><td rowspan="5">2204</td></tr><tr class="failedodd"><td><a href="#m13">currentAverageExchangeRateTest</a></td></tr><tr class="failedodd"><td><a href="#m14">currentAverageExchangeRateTest</a></td></tr><tr class="failedodd"><td><a href="#m15">currentAverageExchangeRateTest</a></td></tr><tr class="failedodd"><td><a href="#m16">currentAverageExchangeRateTest</a></td></tr></tbody>
</table>
<h2>Surefire test</h2><h3 id="m0">NegativeCurrencyTest#incorrectCurrentAverageExchangeRateTest</h3><table class="result"><tr class="param"><th>Parameter #1</th><th>Parameter #2</th></tr><tr class="param stripe"><td>chg</td><td>a</td></tr><tr><th colspan="2">Exception</th></tr><tr><td colspan="2"><div class="stacktrace">java.lang.AssertionError: The following asserts failed:
	expected [400] but found [404],
	expected [true] but found [false]
	at NegativeCurrencyTest.incorrectCurrentAverageExchangeRateTest(NegativeCurrencyTest.java:19)
... Removed 30 stack frames</div></td></tr></table><p class="totop"><a href="#summary">back to summary</a></p>
<h3 id="m1">NegativeCurrencyTest#incorrectCurrentAverageExchangeRateTest</h3><table class="result"><tr class="param"><th>Parameter #1</th><th>Parameter #2</th></tr><tr class="param stripe"><td></td><td></td></tr><tr><th colspan="2">Exception</th></tr><tr><td colspan="2"><div class="stacktrace">java.lang.AssertionError: The following asserts failed:
	expected [400] but found [404],
	expected [true] but found [false],
	expected [400] but found [404],
	expected [true] but found [false],
	expected [400] but found [404],
	expected [true] but found [false],
	expected [400] but found [404],
	expected [true] but found [false],
	expected [400] but found [404],
	expected [true] but found [false],
	expected [400] but found [404],
	expected [true] but found [false],
	expected [400] but found [404],
	expected [true] but found [false],
	expected [400] but found [404],
	expected [true] but found [false]
	at NegativeCurrencyTest.incorrectCurrentAverageExchangeRateTest(NegativeCurrencyTest.java:19)
... Removed 30 stack frames</div></td></tr></table><p class="totop"><a href="#summary">back to summary</a></p>
<h3 id="m2">NegativeCurrencyTest#incorrectCurrentAverageExchangeRateTest</h3><table class="result"><tr class="param"><th>Parameter #1</th><th>Parameter #2</th></tr><tr class="param stripe"><td>usd1</td><td>euro</td></tr><tr><th colspan="2">Exception</th></tr><tr><td colspan="2"><div class="stacktrace">java.lang.AssertionError: The following asserts failed:
	expected [400] but found [404],
	expected [true] but found [false],
	expected [400] but found [404],
	expected [true] but found [false],
	expected [400] but found [404],
	expected [true] but found [false],
	expected [400] but found [404],
	expected [true] but found [false],
	expected [400] but found [404],
	expected [true] but found [false],
	expected [400] but found [404],
	expected [true] but found [false]
	at NegativeCurrencyTest.incorrectCurrentAverageExchangeRateTest(NegativeCurrencyTest.java:19)
... Removed 30 stack frames</div></td></tr></table><p class="totop"><a href="#summary">back to summary</a></p>
<h3 id="m3">NegativeCurrencyTest#incorrectCurrentAverageExchangeRateTest</h3><table class="result"><tr class="param"><th>Parameter #1</th><th>Parameter #2</th></tr><tr class="param stripe"><td></td><td>a</td></tr><tr><th colspan="2">Exception</th></tr><tr><td colspan="2"><div class="stacktrace">java.lang.AssertionError: The following asserts failed:
	expected [400] but found [404],
	expected [true] but found [false],
	expected [400] but found [404],
	expected [true] but found [false],
	expected [400] but found [404],
	expected [true] but found [false],
	expected [400] but found [404],
	expected [true] but found [false],
	expected [400] but found [404],
	expected [true] but found [false],
	expected [400] but found [404],
	expected [true] but found [false],
	expected [400] but found [404],
	expected [true] but found [false],
	expected [400] but found [404],
	expected [true] but found [false],
	expected [400] but found [404],
	expected [true] but found [false],
	expected [400] but found [404],
	expected [true] but found [false]
	at NegativeCurrencyTest.incorrectCurrentAverageExchangeRateTest(NegativeCurrencyTest.java:19)
... Removed 30 stack frames</div></td></tr></table><p class="totop"><a href="#summary">back to summary</a></p>
<h3 id="m4">NegativeCurrencyTest#incorrectCurrentAverageExchangeRateTest</h3><table class="result"><tr class="param"><th>Parameter #1</th><th>Parameter #2</th></tr><tr class="param stripe"><td>a</td><td>usd</td></tr><tr><th colspan="2">Exception</th></tr><tr><td colspan="2"><div class="stacktrace">java.lang.AssertionError: The following asserts failed:
	expected [400] but found [404],
	expected [true] but found [false],
	expected [400] but found [404],
	expected [true] but found [false],
	expected [400] but found [404],
	expected [true] but found [false],
	expected [400] but found [404],
	expected [true] but found [false],
	expected [400] but found [404],
	expected [true] but found [false],
	expected [400] but found [404],
	expected [true] but found [false],
	expected [400] but found [404],
	expected [true] but found [false],
	expected [400] but found [404],
	expected [true] but found [false],
	expected [400] but found [404],
	expected [true] but found [false],
	expected [400] but found [404],
	expected [true] but found [false],
	expected [400] but found [404],
	expected [true] but found [false]
	at NegativeCurrencyTest.incorrectCurrentAverageExchangeRateTest(NegativeCurrencyTest.java:19)
... Removed 30 stack frames</div></td></tr></table><p class="totop"><a href="#summary">back to summary</a></p>
<h3 id="m5">NegativeCurrencyTest#incorrectCurrentAverageExchangeRateTest</h3><table class="result"><tr class="param"><th>Parameter #1</th><th>Parameter #2</th></tr><tr class="param stripe"><td>rub</td><td></td></tr><tr><th colspan="2">Exception</th></tr><tr><td colspan="2"><div class="stacktrace">java.lang.AssertionError: The following asserts failed:
	expected [400] but found [404],
	expected [true] but found [false],
	expected [400] but found [404],
	expected [true] but found [false],
	expected [400] but found [404],
	expected [true] but found [false],
	expected [400] but found [404],
	expected [true] but found [false],
	expected [400] but found [404],
	expected [true] but found [false],
	expected [400] but found [404],
	expected [true] but found [false],
	expected [400] but found [404],
	expected [true] but found [false],
	expected [400] but found [404],
	expected [true] but found [false],
	expected [400] but found [404],
	expected [true] but found [false]
	at NegativeCurrencyTest.incorrectCurrentAverageExchangeRateTest(NegativeCurrencyTest.java:19)
... Removed 30 stack frames</div></td></tr></table><p class="totop"><a href="#summary">back to summary</a></p>
<h3 id="m6">NegativeCurrencyTest#incorrectCurrentAverageExchangeRateTest</h3><table class="result"><tr class="param"><th>Parameter #1</th><th>Parameter #2</th></tr><tr class="param stripe"><td>1</td><td>euro</td></tr><tr><th colspan="2">Exception</th></tr><tr><td colspan="2"><div class="stacktrace">java.lang.AssertionError: The following asserts failed:
	expected [400] but found [404],
	expected [true] but found [false],
	expected [400] but found [404],
	expected [true] but found [false],
	expected [400] but found [404],
	expected [true] but found [false],
	expected [400] but found [404],
	expected [true] but found [false],
	expected [400] but found [404],
	expected [true] but found [false],
	expected [400] but found [404],
	expected [true] but found [false],
	expected [400] but found [404],
	expected [true] but found [false]
	at NegativeCurrencyTest.incorrectCurrentAverageExchangeRateTest(NegativeCurrencyTest.java:19)
... Removed 30 stack frames</div></td></tr></table><p class="totop"><a href="#summary">back to summary</a></p>
<h3 id="m7">NegativeCurrencyTest#incorrectCurrentAverageExchangeRateTest</h3><table class="result"><tr class="param"><th>Parameter #1</th><th>Parameter #2</th></tr><tr class="param stripe"><td>rub</td><td>aa</td></tr><tr><th colspan="2">Exception</th></tr><tr><td colspan="2"><div class="stacktrace">java.lang.AssertionError: The following asserts failed:
	expected [400] but found [404],
	expected [true] but found [false],
	expected [400] but found [404],
	expected [true] but found [false],
	expected [400] but found [404],
	expected [true] but found [false]
	at NegativeCurrencyTest.incorrectCurrentAverageExchangeRateTest(NegativeCurrencyTest.java:19)
... Removed 30 stack frames</div></td></tr></table><p class="totop"><a href="#summary">back to summary</a></p>
<h3 id="m8">NegativeCurrencyTest#incorrectCurrentAverageExchangeRateTest</h3><table class="result"><tr class="param"><th>Parameter #1</th><th>Parameter #2</th></tr><tr class="param stripe"><td>eur</td><td>r</td></tr><tr><th colspan="2">Exception</th></tr><tr><td colspan="2"><div class="stacktrace">java.lang.AssertionError: The following asserts failed:
	expected [400] but found [404],
	expected [true] but found [false],
	expected [400] but found [404],
	expected [true] but found [false]
	at NegativeCurrencyTest.incorrectCurrentAverageExchangeRateTest(NegativeCurrencyTest.java:19)
... Removed 30 stack frames</div></td></tr></table><p class="totop"><a href="#summary">back to summary</a></p>
<h3 id="m9">NegativeCurrencyTest#incorrectCurrentAverageExchangeRateTest</h3><table class="result"><tr class="param"><th>Parameter #1</th><th>Parameter #2</th></tr><tr class="param stripe"><td>euro</td><td>a</td></tr><tr><th colspan="2">Exception</th></tr><tr><td colspan="2"><div class="stacktrace">java.lang.AssertionError: The following asserts failed:
	expected [400] but found [404],
	expected [true] but found [false],
	expected [400] but found [404],
	expected [true] but found [false],
	expected [400] but found [404],
	expected [true] but found [false],
	expected [400] but found [404],
	expected [true] but found [false]
	at NegativeCurrencyTest.incorrectCurrentAverageExchangeRateTest(NegativeCurrencyTest.java:19)
... Removed 30 stack frames</div></td></tr></table><p class="totop"><a href="#summary">back to summary</a></p>
<h3 id="m10">NegativeCurrencyTest#incorrectCurrentAverageExchangeRateTest</h3><table class="result"><tr class="param"><th>Parameter #1</th><th>Parameter #2</th></tr><tr class="param stripe"><td>usb</td><td>b</td></tr><tr><th colspan="2">Exception</th></tr><tr><td colspan="2"><div class="stacktrace">java.lang.AssertionError: The following asserts failed:
	expected [400] but found [404],
	expected [true] but found [false],
	expected [400] but found [404],
	expected [true] but found [false]
	at NegativeCurrencyTest.incorrectCurrentAverageExchangeRateTest(NegativeCurrencyTest.java:19)
... Removed 30 stack frames</div></td></tr></table><p class="totop"><a href="#summary">back to summary</a></p>
<h3 id="m11">NegativeCurrencyTest#incorrectCurrentAverageExchangeRateTest</h3><table class="result"><tr class="param"><th>Parameter #1</th><th>Parameter #2</th></tr><tr class="param stripe"><td>rubrub</td><td>a</td></tr><tr><th colspan="2">Exception</th></tr><tr><td colspan="2"><div class="stacktrace">java.lang.AssertionError: The following asserts failed:
	expected [400] but found [404],
	expected [true] but found [false],
	expected [400] but found [404],
	expected [true] but found [false],
	expected [400] but found [404],
	expected [true] but found [false],
	expected [400] but found [404],
	expected [true] but found [false],
	expected [400] but found [404],
	expected [true] but found [false]
	at NegativeCurrencyTest.incorrectCurrentAverageExchangeRateTest(NegativeCurrencyTest.java:19)
... Removed 30 stack frames</div></td></tr></table><p class="totop"><a href="#summary">back to summary</a></p>
<h3 id="m12">PositiveCurrencyTest#currentAverageExchangeRateTest</h3><table class="result"><tr class="param"><th>Parameter #1</th><th>Parameter #2</th><th>Parameter #3</th></tr><tr class="param stripe"><td>a</td><td>eur</td><td>euro</td></tr><tr><th colspan="3">Exception</th></tr><tr><td colspan="3"><div class="stacktrace">com.fasterxml.jackson.core.JsonParseException: Unexpected character (&apos;﻿&apos; (code 65279 / 0xfeff)): expected a valid value (number, String, array, object, &apos;true&apos;, &apos;false&apos; or &apos;null&apos;)
 at [Source: (String)&quot;﻿404 NotFound&quot;; line: 1, column: 2]
	at com.fasterxml.jackson.core.JsonParser._constructError(JsonParser.java:1804)
	at com.fasterxml.jackson.core.base.ParserMinimalBase._reportError(ParserMinimalBase.java:669)
	at com.fasterxml.jackson.core.base.ParserMinimalBase._reportUnexpectedChar(ParserMinimalBase.java:567)
	at com.fasterxml.jackson.core.json.ReaderBasedJsonParser._handleOddValue(ReaderBasedJsonParser.java:1894)
	at com.fasterxml.jackson.core.json.ReaderBasedJsonParser.nextToken(ReaderBasedJsonParser.java:749)
	at com.fasterxml.jackson.databind.ObjectMapper._initForReading(ObjectMapper.java:4141)
	at com.fasterxml.jackson.databind.ObjectMapper._readMapAndClose(ObjectMapper.java:4000)
	at com.fasterxml.jackson.databind.ObjectMapper.readValue(ObjectMapper.java:3004)
	at PositiveCurrencyTest.currentAverageExchangeRateTest(PositiveCurrencyTest.java:27)
... Removed 29 stack frames</div></td></tr></table><p class="totop"><a href="#summary">back to summary</a></p>
<h3 id="m13">PositiveCurrencyTest#currentAverageExchangeRateTest</h3><table class="result"><tr class="param"><th>Parameter #1</th><th>Parameter #2</th><th>Parameter #3</th></tr><tr class="param stripe"><td>a</td><td>usd</td><td>dolar amerykański</td></tr><tr><th colspan="3">Exception</th></tr><tr><td colspan="3"><div class="stacktrace">com.fasterxml.jackson.core.JsonParseException: Unexpected character (&apos;﻿&apos; (code 65279 / 0xfeff)): expected a valid value (number, String, array, object, &apos;true&apos;, &apos;false&apos; or &apos;null&apos;)
 at [Source: (String)&quot;﻿404 NotFound&quot;; line: 1, column: 2]
	at com.fasterxml.jackson.core.JsonParser._constructError(JsonParser.java:1804)
	at com.fasterxml.jackson.core.base.ParserMinimalBase._reportError(ParserMinimalBase.java:669)
	at com.fasterxml.jackson.core.base.ParserMinimalBase._reportUnexpectedChar(ParserMinimalBase.java:567)
	at com.fasterxml.jackson.core.json.ReaderBasedJsonParser._handleOddValue(ReaderBasedJsonParser.java:1894)
	at com.fasterxml.jackson.core.json.ReaderBasedJsonParser.nextToken(ReaderBasedJsonParser.java:749)
	at com.fasterxml.jackson.databind.ObjectMapper._initForReading(ObjectMapper.java:4141)
	at com.fasterxml.jackson.databind.ObjectMapper._readMapAndClose(ObjectMapper.java:4000)
	at com.fasterxml.jackson.databind.ObjectMapper.readValue(ObjectMapper.java:3004)
	at PositiveCurrencyTest.currentAverageExchangeRateTest(PositiveCurrencyTest.java:27)
... Removed 29 stack frames</div></td></tr></table><p class="totop"><a href="#summary">back to summary</a></p>
<h3 id="m14">PositiveCurrencyTest#currentAverageExchangeRateTest</h3><table class="result"><tr class="param"><th>Parameter #1</th><th>Parameter #2</th><th>Parameter #3</th></tr><tr class="param stripe"><td>a</td><td>uah</td><td>hrywna (Ukraina)</td></tr><tr><th colspan="3">Exception</th></tr><tr><td colspan="3"><div class="stacktrace">com.fasterxml.jackson.core.JsonParseException: Unexpected character (&apos;﻿&apos; (code 65279 / 0xfeff)): expected a valid value (number, String, array, object, &apos;true&apos;, &apos;false&apos; or &apos;null&apos;)
 at [Source: (String)&quot;﻿404 NotFound&quot;; line: 1, column: 2]
	at com.fasterxml.jackson.core.JsonParser._constructError(JsonParser.java:1804)
	at com.fasterxml.jackson.core.base.ParserMinimalBase._reportError(ParserMinimalBase.java:669)
	at com.fasterxml.jackson.core.base.ParserMinimalBase._reportUnexpectedChar(ParserMinimalBase.java:567)
	at com.fasterxml.jackson.core.json.ReaderBasedJsonParser._handleOddValue(ReaderBasedJsonParser.java:1894)
	at com.fasterxml.jackson.core.json.ReaderBasedJsonParser.nextToken(ReaderBasedJsonParser.java:749)
	at com.fasterxml.jackson.databind.ObjectMapper._initForReading(ObjectMapper.java:4141)
	at com.fasterxml.jackson.databind.ObjectMapper._readMapAndClose(ObjectMapper.java:4000)
	at com.fasterxml.jackson.databind.ObjectMapper.readValue(ObjectMapper.java:3004)
	at PositiveCurrencyTest.currentAverageExchangeRateTest(PositiveCurrencyTest.java:27)
... Removed 29 stack frames</div></td></tr></table><p class="totop"><a href="#summary">back to summary</a></p>
<h3 id="m15">PositiveCurrencyTest#currentAverageExchangeRateTest</h3><table class="result"><tr class="param"><th>Parameter #1</th><th>Parameter #2</th><th>Parameter #3</th></tr><tr class="param stripe"><td>a</td><td>chf</td><td>frank szwajcarski</td></tr><tr><th colspan="3">Exception</th></tr><tr><td colspan="3"><div class="stacktrace">com.fasterxml.jackson.core.JsonParseException: Unexpected character (&apos;﻿&apos; (code 65279 / 0xfeff)): expected a valid value (number, String, array, object, &apos;true&apos;, &apos;false&apos; or &apos;null&apos;)
 at [Source: (String)&quot;﻿404 NotFound&quot;; line: 1, column: 2]
	at com.fasterxml.jackson.core.JsonParser._constructError(JsonParser.java:1804)
	at com.fasterxml.jackson.core.base.ParserMinimalBase._reportError(ParserMinimalBase.java:669)
	at com.fasterxml.jackson.core.base.ParserMinimalBase._reportUnexpectedChar(ParserMinimalBase.java:567)
	at com.fasterxml.jackson.core.json.ReaderBasedJsonParser._handleOddValue(ReaderBasedJsonParser.java:1894)
	at com.fasterxml.jackson.core.json.ReaderBasedJsonParser.nextToken(ReaderBasedJsonParser.java:749)
	at com.fasterxml.jackson.databind.ObjectMapper._initForReading(ObjectMapper.java:4141)
	at com.fasterxml.jackson.databind.ObjectMapper._readMapAndClose(ObjectMapper.java:4000)
	at com.fasterxml.jackson.databind.ObjectMapper.readValue(ObjectMapper.java:3004)
	at PositiveCurrencyTest.currentAverageExchangeRateTest(PositiveCurrencyTest.java:27)
... Removed 29 stack frames</div></td></tr></table><p class="totop"><a href="#summary">back to summary</a></p>
<h3 id="m16">PositiveCurrencyTest#currentAverageExchangeRateTest</h3><table class="result"><tr class="param"><th>Parameter #1</th><th>Parameter #2</th><th>Parameter #3</th></tr><tr class="param stripe"><td>a</td><td>rub</td><td>rubel rosyjski</td></tr><tr><th colspan="3">Exception</th></tr><tr><td colspan="3"><div class="stacktrace">com.fasterxml.jackson.core.JsonParseException: Unexpected character (&apos;﻿&apos; (code 65279 / 0xfeff)): expected a valid value (number, String, array, object, &apos;true&apos;, &apos;false&apos; or &apos;null&apos;)
 at [Source: (String)&quot;﻿404 NotFound&quot;; line: 1, column: 2]
	at com.fasterxml.jackson.core.JsonParser._constructError(JsonParser.java:1804)
	at com.fasterxml.jackson.core.base.ParserMinimalBase._reportError(ParserMinimalBase.java:669)
	at com.fasterxml.jackson.core.base.ParserMinimalBase._reportUnexpectedChar(ParserMinimalBase.java:567)
	at com.fasterxml.jackson.core.json.ReaderBasedJsonParser._handleOddValue(ReaderBasedJsonParser.java:1894)
	at com.fasterxml.jackson.core.json.ReaderBasedJsonParser.nextToken(ReaderBasedJsonParser.java:749)
	at com.fasterxml.jackson.databind.ObjectMapper._initForReading(ObjectMapper.java:4141)
	at com.fasterxml.jackson.databind.ObjectMapper._readMapAndClose(ObjectMapper.java:4000)
	at com.fasterxml.jackson.databind.ObjectMapper.readValue(ObjectMapper.java:3004)
	at PositiveCurrencyTest.currentAverageExchangeRateTest(PositiveCurrencyTest.java:27)
... Removed 29 stack frames</div></td></tr></table><p class="totop"><a href="#summary">back to summary</a></p>
</body>
</html>
