<?xml version="1.0" encoding="UTF-8"?>
<testsuite name="TestSuite" time="2.051" tests="17" errors="0" skipped="0" failures="12">
  <properties>
[...]
</properties>
  <testcase name="incorrectCurrentAverageExchangeRateTest" classname="NegativeCurrencyTest" time="1.845">
    <failure message="The following asserts failed:&#10;	Returned incorrect status code:  expected [400] but found [404],&#10;	Returned incorrect response body:  expected [400 Bad Request] but found [404 NotFound - Not Found - Brak danych]" type="java.lang.AssertionError">java.lang.AssertionError: The following asserts failed:
	Returned incorrect status code:  expected [400] but found [404],
	Returned incorrect response body:  expected [400 Bad Request] but found [404 NotFound - Not Found - Brak danych]
	at org.testng.asserts.SoftAssert.assertAll(SoftAssert.java:43)
	at NegativeCurrencyTest.incorrectCurrentAverageExchangeRateTest(NegativeCurrencyTest.java:37)
</failure>
    <system-out><![CDATA[Configuring TestNG with: TestNG652Configurator
]]></system-out>
    <system-err><![CDATA[SLF4J: Failed to load class "org.slf4j.impl.StaticLoggerBinder".
SLF4J: Defaulting to no-operation (NOP) logger implementation
SLF4J: See http://www.slf4j.org/codes.html#StaticLoggerBinder for further details.
]]></system-err>
  </testcase>
  <testcase name="incorrectCurrentAverageExchangeRateTest" classname="NegativeCurrencyTest" time="0.125">
    <failure message="The following asserts failed:&#10;	Returned incorrect status code:  expected [400] but found [404],&#10;	Returned incorrect response body:  expected [400 Bad Request] but found [404 NotFound - Not Found - Brak danych]" type="java.lang.AssertionError">java.lang.AssertionError: The following asserts failed:
	Returned incorrect status code:  expected [400] but found [404],
	Returned incorrect response body:  expected [400 Bad Request] but found [404 NotFound - Not Found - Brak danych]
	at org.testng.asserts.SoftAssert.assertAll(SoftAssert.java:43)
	at NegativeCurrencyTest.incorrectCurrentAverageExchangeRateTest(NegativeCurrencyTest.java:37)
</failure>
  </testcase>
  <testcase name="incorrectCurrentAverageExchangeRateTest" classname="NegativeCurrencyTest" time="0.172">
    <failure message="The following asserts failed:&#10;	Returned incorrect response body:  expected [400 Bad Request] but found [400 BadRequest - Bad Request - Nieprawidłowa wartość parametru: {table}=&apos;r&apos;]" type="java.lang.AssertionError">java.lang.AssertionError: The following asserts failed:
	Returned incorrect response body:  expected [400 Bad Request] but found [400 BadRequest - Bad Request - Nieprawidłowa wartość parametru: {table}='r']
	at org.testng.asserts.SoftAssert.assertAll(SoftAssert.java:43)
	at NegativeCurrencyTest.incorrectCurrentAverageExchangeRateTest(NegativeCurrencyTest.java:37)
</failure>
  </testcase>
  <testcase name="incorrectCurrentAverageExchangeRateTest" classname="NegativeCurrencyTest" time="0.173">
    <failure message="The following asserts failed:&#10;	Returned incorrect status code:  expected [400] but found [404],&#10;	Returned incorrect response body:  expected [400 Bad Request] but found [﻿404 NotFound]" type="java.lang.AssertionError">java.lang.AssertionError: The following asserts failed:
	Returned incorrect status code:  expected [400] but found [404],
	Returned incorrect response body:  expected [400 Bad Request] but found [﻿404 NotFound]
	at org.testng.asserts.SoftAssert.assertAll(SoftAssert.java:43)
	at NegativeCurrencyTest.incorrectCurrentAverageExchangeRateTest(NegativeCurrencyTest.java:37)
</failure>
  </testcase>
  <testcase name="incorrectCurrentAverageExchangeRateTest" classname="NegativeCurrencyTest" time="0.113">
    <failure message="The following asserts failed:&#10;	Returned incorrect status code:  expected [400] but found [404],&#10;	Returned incorrect response body:  expected [400 Bad Request] but found [﻿404 NotFound]" type="java.lang.AssertionError">java.lang.AssertionError: The following asserts failed:
	Returned incorrect status code:  expected [400] but found [404],
	Returned incorrect response body:  expected [400 Bad Request] but found [﻿404 NotFound]
	at org.testng.asserts.SoftAssert.assertAll(SoftAssert.java:43)
	at NegativeCurrencyTest.incorrectCurrentAverageExchangeRateTest(NegativeCurrencyTest.java:37)
</failure>
  </testcase>
  <testcase name="incorrectCurrentAverageExchangeRateTest" classname="NegativeCurrencyTest" time="0.128">
    <failure message="The following asserts failed:&#10;	Returned incorrect status code:  expected [400] but found [404],&#10;	Returned incorrect response body:  expected [400 Bad Request] but found [﻿404 NotFound]" type="java.lang.AssertionError">java.lang.AssertionError: The following asserts failed:
	Returned incorrect status code:  expected [400] but found [404],
	Returned incorrect response body:  expected [400 Bad Request] but found [﻿404 NotFound]
	at org.testng.asserts.SoftAssert.assertAll(SoftAssert.java:43)
	at NegativeCurrencyTest.incorrectCurrentAverageExchangeRateTest(NegativeCurrencyTest.java:37)
</failure>
  </testcase>
  <testcase name="incorrectCurrentAverageExchangeRateTest" classname="NegativeCurrencyTest" time="0.762">
    <failure message="The following asserts failed:&#10;	Returned incorrect status code:  expected [400] but found [404],&#10;	Returned incorrect response body:  expected [400 Bad Request] but found [﻿404 NotFound]" type="java.lang.AssertionError">java.lang.AssertionError: The following asserts failed:
	Returned incorrect status code:  expected [400] but found [404],
	Returned incorrect response body:  expected [400 Bad Request] but found [﻿404 NotFound]
	at org.testng.asserts.SoftAssert.assertAll(SoftAssert.java:43)
	at NegativeCurrencyTest.incorrectCurrentAverageExchangeRateTest(NegativeCurrencyTest.java:37)
</failure>
  </testcase>
  <testcase name="incorrectCurrentAverageExchangeRateTest" classname="NegativeCurrencyTest" time="0.151">
    <failure message="The following asserts failed:&#10;	Returned incorrect status code:  expected [400] but found [404],&#10;	Returned incorrect response body:  expected [400 Bad Request] but found [﻿404 NotFound]" type="java.lang.AssertionError">java.lang.AssertionError: The following asserts failed:
	Returned incorrect status code:  expected [400] but found [404],
	Returned incorrect response body:  expected [400 Bad Request] but found [﻿404 NotFound]
	at org.testng.asserts.SoftAssert.assertAll(SoftAssert.java:43)
	at NegativeCurrencyTest.incorrectCurrentAverageExchangeRateTest(NegativeCurrencyTest.java:37)
</failure>
  </testcase>
  <testcase name="incorrectCurrentAverageExchangeRateTest" classname="NegativeCurrencyTest" time="0.864">
    <failure message="The following asserts failed:&#10;	Returned incorrect status code:  expected [400] but found [404],&#10;	Returned incorrect response body:  expected [400 Bad Request] but found [﻿404 NotFound]" type="java.lang.AssertionError">java.lang.AssertionError: The following asserts failed:
	Returned incorrect status code:  expected [400] but found [404],
	Returned incorrect response body:  expected [400 Bad Request] but found [﻿404 NotFound]
	at org.testng.asserts.SoftAssert.assertAll(SoftAssert.java:43)
	at NegativeCurrencyTest.incorrectCurrentAverageExchangeRateTest(NegativeCurrencyTest.java:37)
</failure>
  </testcase>
  <testcase name="incorrectCurrentAverageExchangeRateTest" classname="NegativeCurrencyTest" time="0.095">
    <failure message="The following asserts failed:&#10;	Returned incorrect status code:  expected [400] but found [404],&#10;	Returned incorrect response body:  expected [400 Bad Request] but found [﻿404 NotFound]" type="java.lang.AssertionError">java.lang.AssertionError: The following asserts failed:
	Returned incorrect status code:  expected [400] but found [404],
	Returned incorrect response body:  expected [400 Bad Request] but found [﻿404 NotFound]
	at org.testng.asserts.SoftAssert.assertAll(SoftAssert.java:43)
	at NegativeCurrencyTest.incorrectCurrentAverageExchangeRateTest(NegativeCurrencyTest.java:37)
</failure>
  </testcase>
  <testcase name="incorrectCurrentAverageExchangeRateTest" classname="NegativeCurrencyTest" time="0.106">
    <failure message="The following asserts failed:&#10;	Returned incorrect status code:  expected [400] but found [404],&#10;	Returned incorrect response body:  expected [400 Bad Request] but found [﻿404 NotFound]" type="java.lang.AssertionError">java.lang.AssertionError: The following asserts failed:
	Returned incorrect status code:  expected [400] but found [404],
	Returned incorrect response body:  expected [400 Bad Request] but found [﻿404 NotFound]
	at org.testng.asserts.SoftAssert.assertAll(SoftAssert.java:43)
	at NegativeCurrencyTest.incorrectCurrentAverageExchangeRateTest(NegativeCurrencyTest.java:37)
</failure>
  </testcase>
  <testcase name="incorrectCurrentAverageExchangeRateTest" classname="NegativeCurrencyTest" time="0.113">
    <failure message="The following asserts failed:&#10;	Returned incorrect status code:  expected [400] but found [404],&#10;	Returned incorrect response body:  expected [400 Bad Request] but found [﻿404 NotFound]" type="java.lang.AssertionError">java.lang.AssertionError: The following asserts failed:
	Returned incorrect status code:  expected [400] but found [404],
	Returned incorrect response body:  expected [400 Bad Request] but found [﻿404 NotFound]
	at org.testng.asserts.SoftAssert.assertAll(SoftAssert.java:43)
	at NegativeCurrencyTest.incorrectCurrentAverageExchangeRateTest(NegativeCurrencyTest.java:37)
</failure>
  </testcase>
  <testcase name="currentAverageExchangeRateTest" classname="PositiveCurrencyTest" time="0.206"/>
  <testcase name="currentAverageExchangeRateTest" classname="PositiveCurrencyTest" time="0.109"/>
  <testcase name="currentAverageExchangeRateTest" classname="PositiveCurrencyTest" time="0.092"/>
  <testcase name="currentAverageExchangeRateTest" classname="PositiveCurrencyTest" time="0.362"/>
  <testcase name="currentAverageExchangeRateTest" classname="PositiveCurrencyTest" time="0.277"/>
</testsuite>