<?xml version="1.0" encoding="UTF-8"?>
<testng-results ignored="0" total="9" passed="5" failed="4" skipped="0">
  <reporter-output>
  </reporter-output>
  <suite started-at="2018-11-19T16:23:03Z" name="Surefire suite" finished-at="2018-11-19T16:23:07Z" duration-ms="3890">
    <groups>
    </groups>
    <test started-at="2018-11-19T16:23:03Z" name="Surefire test" finished-at="2018-11-19T16:23:07Z" duration-ms="3890">
      <class name="NegativeCurrencyTest">
        <test-method signature="incorrectCurrentAverageExchangeRateTest(java.lang.String, java.lang.String)[pri:0, instance:NegativeCurrencyTest@1869f114]" started-at="2018-11-19T16:23:03Z" name="incorrectCurrentAverageExchangeRateTest" description="User sends incorrect request and achieves 400 status code" data-provider="IncorrectCurrencies" finished-at="2018-11-19T16:23:05Z" duration-ms="1591" status="FAIL">
          <params>
            <param index="0">
              <value>
                <![CDATA[chg]]>
              </value>
            </param>
            <param index="1">
              <value>
                <![CDATA[a]]>
              </value>
            </param>
          </params>
          <exception class="java.lang.AssertionError">
            <message>
              <![CDATA[The following asserts failed:
Returned incorrect status code:  expected [400] but found [404],
Returned incorrect response body:  expected [400 Bad Request] but found [404 NotFound - Not Found - Brak danych]]]>
            </message>
            <full-stacktrace>
              <![CDATA[java.lang.AssertionError: The following asserts failed:
Returned incorrect status code:  expected [400] but found [404],
Returned incorrect response body:  expected [400 Bad Request] but found [404 NotFound - Not Found - Brak danych]
at org.testng.asserts.SoftAssert.assertAll(SoftAssert.java:43)
at NegativeCurrencyTest.incorrectCurrentAverageExchangeRateTest(NegativeCurrencyTest.java:31)
at java.base/jdk.internal.reflect.NativeMethodAccessorImpl.invoke0(Native Method)
at java.base/jdk.internal.reflect.NativeMethodAccessorImpl.invoke(NativeMethodAccessorImpl.java:62)
at java.base/jdk.internal.reflect.DelegatingMethodAccessorImpl.invoke(DelegatingMethodAccessorImpl.java:43)
at java.base/java.lang.reflect.Method.invoke(Method.java:566)
at org.testng.internal.MethodInvocationHelper.invokeMethod(MethodInvocationHelper.java:124)
at org.testng.internal.Invoker.invokeMethod(Invoker.java:583)
at org.testng.internal.Invoker.invokeTestMethod(Invoker.java:719)
at org.testng.internal.Invoker.invokeTestMethods(Invoker.java:989)
at org.testng.internal.TestMethodWorker.invokeTestMethods(TestMethodWorker.java:125)
at org.testng.internal.TestMethodWorker.run(TestMethodWorker.java:109)
at org.testng.TestRunner.privateRun(TestRunner.java:648)
at org.testng.TestRunner.run(TestRunner.java:505)
at org.testng.SuiteRunner.runTest(SuiteRunner.java:455)
at org.testng.SuiteRunner.runSequentially(SuiteRunner.java:450)
at org.testng.SuiteRunner.privateRun(SuiteRunner.java:415)
at org.testng.SuiteRunner.run(SuiteRunner.java:364)
at org.testng.SuiteRunnerWorker.runSuite(SuiteRunnerWorker.java:52)
at org.testng.SuiteRunnerWorker.run(SuiteRunnerWorker.java:84)
at org.testng.TestNG.runSuitesSequentially(TestNG.java:1208)
at org.testng.TestNG.runSuitesLocally(TestNG.java:1137)
at org.testng.TestNG.runSuites(TestNG.java:1049)
at org.testng.TestNG.run(TestNG.java:1017)
at org.apache.maven.surefire.testng.TestNGExecutor.run(TestNGExecutor.java:115)
at org.apache.maven.surefire.testng.TestNGDirectoryTestSuite.executeMulti(TestNGDirectoryTestSuite.java:205)
at org.apache.maven.surefire.testng.TestNGDirectoryTestSuite.execute(TestNGDirectoryTestSuite.java:108)
at org.apache.maven.surefire.testng.TestNGProvider.invoke(TestNGProvider.java:111)
at org.apache.maven.surefire.booter.ForkedBooter.invokeProviderInSameClassLoader(ForkedBooter.java:203)
at org.apache.maven.surefire.booter.ForkedBooter.runSuitesInProcess(ForkedBooter.java:155)
at org.apache.maven.surefire.booter.ForkedBooter.main(ForkedBooter.java:103)
]]>
            </full-stacktrace>
          </exception> <!-- java.lang.AssertionError -->
          <reporter-output>
          </reporter-output>
        </test-method> <!-- incorrectCurrentAverageExchangeRateTest -->
        <test-method signature="incorrectCurrentAverageExchangeRateTest(java.lang.String, java.lang.String)[pri:0, instance:NegativeCurrencyTest@1869f114]" started-at="2018-11-19T16:23:05Z" name="incorrectCurrentAverageExchangeRateTest" description="User sends incorrect request and achieves 400 status code" data-provider="IncorrectCurrencies" finished-at="2018-11-19T16:23:05Z" duration-ms="135" status="FAIL">
          <params>
            <param index="0">
              <value>
                <![CDATA[eur]]>
              </value>
            </param>
            <param index="1">
              <value>
                <![CDATA[r]]>
              </value>
            </param>
          </params>
          <exception class="java.lang.AssertionError">
            <message>
              <![CDATA[The following asserts failed:
Returned incorrect response body:  expected [400 Bad Request] but found [400 BadRequest - Bad Request - Nieprawidłowa wartość parametru: {table}='r']]]>
            </message>
            <full-stacktrace>
              <![CDATA[java.lang.AssertionError: The following asserts failed:
Returned incorrect response body:  expected [400 Bad Request] but found [400 BadRequest - Bad Request - Nieprawidłowa wartość parametru: {table}='r']
at org.testng.asserts.SoftAssert.assertAll(SoftAssert.java:43)
at NegativeCurrencyTest.incorrectCurrentAverageExchangeRateTest(NegativeCurrencyTest.java:31)
at java.base/jdk.internal.reflect.NativeMethodAccessorImpl.invoke0(Native Method)
at java.base/jdk.internal.reflect.NativeMethodAccessorImpl.invoke(NativeMethodAccessorImpl.java:62)
at java.base/jdk.internal.reflect.DelegatingMethodAccessorImpl.invoke(DelegatingMethodAccessorImpl.java:43)
at java.base/java.lang.reflect.Method.invoke(Method.java:566)
at org.testng.internal.MethodInvocationHelper.invokeMethod(MethodInvocationHelper.java:124)
at org.testng.internal.Invoker.invokeMethod(Invoker.java:583)
at org.testng.internal.Invoker.invokeTestMethod(Invoker.java:719)
at org.testng.internal.Invoker.invokeTestMethods(Invoker.java:989)
at org.testng.internal.TestMethodWorker.invokeTestMethods(TestMethodWorker.java:125)
at org.testng.internal.TestMethodWorker.run(TestMethodWorker.java:109)
at org.testng.TestRunner.privateRun(TestRunner.java:648)
at org.testng.TestRunner.run(TestRunner.java:505)
at org.testng.SuiteRunner.runTest(SuiteRunner.java:455)
at org.testng.SuiteRunner.runSequentially(SuiteRunner.java:450)
at org.testng.SuiteRunner.privateRun(SuiteRunner.java:415)
at org.testng.SuiteRunner.run(SuiteRunner.java:364)
at org.testng.SuiteRunnerWorker.runSuite(SuiteRunnerWorker.java:52)
at org.testng.SuiteRunnerWorker.run(SuiteRunnerWorker.java:84)
at org.testng.TestNG.runSuitesSequentially(TestNG.java:1208)
at org.testng.TestNG.runSuitesLocally(TestNG.java:1137)
at org.testng.TestNG.runSuites(TestNG.java:1049)
at org.testng.TestNG.run(TestNG.java:1017)
at org.apache.maven.surefire.testng.TestNGExecutor.run(TestNGExecutor.java:115)
at org.apache.maven.surefire.testng.TestNGDirectoryTestSuite.executeMulti(TestNGDirectoryTestSuite.java:205)
at org.apache.maven.surefire.testng.TestNGDirectoryTestSuite.execute(TestNGDirectoryTestSuite.java:108)
at org.apache.maven.surefire.testng.TestNGProvider.invoke(TestNGProvider.java:111)
at org.apache.maven.surefire.booter.ForkedBooter.invokeProviderInSameClassLoader(ForkedBooter.java:203)
at org.apache.maven.surefire.booter.ForkedBooter.runSuitesInProcess(ForkedBooter.java:155)
at org.apache.maven.surefire.booter.ForkedBooter.main(ForkedBooter.java:103)
]]>
            </full-stacktrace>
          </exception> <!-- java.lang.AssertionError -->
          <reporter-output>
          </reporter-output>
        </test-method> <!-- incorrectCurrentAverageExchangeRateTest -->
        <test-method signature="incorrectCurrentAverageExchangeRateTest(java.lang.String, java.lang.String)[pri:0, instance:NegativeCurrencyTest@1869f114]" started-at="2018-11-19T16:23:05Z" name="incorrectCurrentAverageExchangeRateTest" description="User sends incorrect request and achieves 400 status code" data-provider="IncorrectCurrencies" finished-at="2018-11-19T16:23:06Z" duration-ms="923" status="FAIL">
          <params>
            <param index="0">
              <value>
                <![CDATA[rub]]>
              </value>
            </param>
            <param index="1">
              <value>
                <![CDATA[aa]]>
              </value>
            </param>
          </params>
          <exception class="java.lang.AssertionError">
            <message>
              <![CDATA[The following asserts failed:
Returned incorrect status code:  expected [400] but found [404],
Returned incorrect response body:  expected [400 Bad Request] but found [﻿404 NotFound]]]>
            </message>
            <full-stacktrace>
              <![CDATA[java.lang.AssertionError: The following asserts failed:
Returned incorrect status code:  expected [400] but found [404],
Returned incorrect response body:  expected [400 Bad Request] but found [﻿404 NotFound]
at org.testng.asserts.SoftAssert.assertAll(SoftAssert.java:43)
at NegativeCurrencyTest.incorrectCurrentAverageExchangeRateTest(NegativeCurrencyTest.java:31)
at java.base/jdk.internal.reflect.NativeMethodAccessorImpl.invoke0(Native Method)
at java.base/jdk.internal.reflect.NativeMethodAccessorImpl.invoke(NativeMethodAccessorImpl.java:62)
at java.base/jdk.internal.reflect.DelegatingMethodAccessorImpl.invoke(DelegatingMethodAccessorImpl.java:43)
at java.base/java.lang.reflect.Method.invoke(Method.java:566)
at org.testng.internal.MethodInvocationHelper.invokeMethod(MethodInvocationHelper.java:124)
at org.testng.internal.Invoker.invokeMethod(Invoker.java:583)
at org.testng.internal.Invoker.invokeTestMethod(Invoker.java:719)
at org.testng.internal.Invoker.invokeTestMethods(Invoker.java:989)
at org.testng.internal.TestMethodWorker.invokeTestMethods(TestMethodWorker.java:125)
at org.testng.internal.TestMethodWorker.run(TestMethodWorker.java:109)
at org.testng.TestRunner.privateRun(TestRunner.java:648)
at org.testng.TestRunner.run(TestRunner.java:505)
at org.testng.SuiteRunner.runTest(SuiteRunner.java:455)
at org.testng.SuiteRunner.runSequentially(SuiteRunner.java:450)
at org.testng.SuiteRunner.privateRun(SuiteRunner.java:415)
at org.testng.SuiteRunner.run(SuiteRunner.java:364)
at org.testng.SuiteRunnerWorker.runSuite(SuiteRunnerWorker.java:52)
at org.testng.SuiteRunnerWorker.run(SuiteRunnerWorker.java:84)
at org.testng.TestNG.runSuitesSequentially(TestNG.java:1208)
at org.testng.TestNG.runSuitesLocally(TestNG.java:1137)
at org.testng.TestNG.runSuites(TestNG.java:1049)
at org.testng.TestNG.run(TestNG.java:1017)
at org.apache.maven.surefire.testng.TestNGExecutor.run(TestNGExecutor.java:115)
at org.apache.maven.surefire.testng.TestNGDirectoryTestSuite.executeMulti(TestNGDirectoryTestSuite.java:205)
at org.apache.maven.surefire.testng.TestNGDirectoryTestSuite.execute(TestNGDirectoryTestSuite.java:108)
at org.apache.maven.surefire.testng.TestNGProvider.invoke(TestNGProvider.java:111)
at org.apache.maven.surefire.booter.ForkedBooter.invokeProviderInSameClassLoader(ForkedBooter.java:203)
at org.apache.maven.surefire.booter.ForkedBooter.runSuitesInProcess(ForkedBooter.java:155)
at org.apache.maven.surefire.booter.ForkedBooter.main(ForkedBooter.java:103)
]]>
            </full-stacktrace>
          </exception> <!-- java.lang.AssertionError -->
          <reporter-output>
          </reporter-output>
        </test-method> <!-- incorrectCurrentAverageExchangeRateTest -->
        <test-method signature="incorrectCurrentAverageExchangeRateTest(java.lang.String, java.lang.String)[pri:0, instance:NegativeCurrencyTest@1869f114]" started-at="2018-11-19T16:23:06Z" name="incorrectCurrentAverageExchangeRateTest" description="User sends incorrect request and achieves 400 status code" data-provider="IncorrectCurrencies" finished-at="2018-11-19T16:23:06Z" duration-ms="249" status="FAIL">
          <params>
            <param index="0">
              <value>
                <![CDATA[a]]>
              </value>
            </param>
            <param index="1">
              <value>
                <![CDATA[usd]]>
              </value>
            </param>
          </params>
          <exception class="java.lang.AssertionError">
            <message>
              <![CDATA[The following asserts failed:
Returned incorrect status code:  expected [400] but found [404],
Returned incorrect response body:  expected [400 Bad Request] but found [﻿404 NotFound]]]>
            </message>
            <full-stacktrace>
              <![CDATA[java.lang.AssertionError: The following asserts failed:
Returned incorrect status code:  expected [400] but found [404],
Returned incorrect response body:  expected [400 Bad Request] but found [﻿404 NotFound]
at org.testng.asserts.SoftAssert.assertAll(SoftAssert.java:43)
at NegativeCurrencyTest.incorrectCurrentAverageExchangeRateTest(NegativeCurrencyTest.java:31)
at java.base/jdk.internal.reflect.NativeMethodAccessorImpl.invoke0(Native Method)
at java.base/jdk.internal.reflect.NativeMethodAccessorImpl.invoke(NativeMethodAccessorImpl.java:62)
at java.base/jdk.internal.reflect.DelegatingMethodAccessorImpl.invoke(DelegatingMethodAccessorImpl.java:43)
at java.base/java.lang.reflect.Method.invoke(Method.java:566)
at org.testng.internal.MethodInvocationHelper.invokeMethod(MethodInvocationHelper.java:124)
at org.testng.internal.Invoker.invokeMethod(Invoker.java:583)
at org.testng.internal.Invoker.invokeTestMethod(Invoker.java:719)
at org.testng.internal.Invoker.invokeTestMethods(Invoker.java:989)
at org.testng.internal.TestMethodWorker.invokeTestMethods(TestMethodWorker.java:125)
at org.testng.internal.TestMethodWorker.run(TestMethodWorker.java:109)
at org.testng.TestRunner.privateRun(TestRunner.java:648)
at org.testng.TestRunner.run(TestRunner.java:505)
at org.testng.SuiteRunner.runTest(SuiteRunner.java:455)
at org.testng.SuiteRunner.runSequentially(SuiteRunner.java:450)
at org.testng.SuiteRunner.privateRun(SuiteRunner.java:415)
at org.testng.SuiteRunner.run(SuiteRunner.java:364)
at org.testng.SuiteRunnerWorker.runSuite(SuiteRunnerWorker.java:52)
at org.testng.SuiteRunnerWorker.run(SuiteRunnerWorker.java:84)
at org.testng.TestNG.runSuitesSequentially(TestNG.java:1208)
at org.testng.TestNG.runSuitesLocally(TestNG.java:1137)
at org.testng.TestNG.runSuites(TestNG.java:1049)
at org.testng.TestNG.run(TestNG.java:1017)
at org.apache.maven.surefire.testng.TestNGExecutor.run(TestNGExecutor.java:115)
at org.apache.maven.surefire.testng.TestNGDirectoryTestSuite.executeMulti(TestNGDirectoryTestSuite.java:205)
at org.apache.maven.surefire.testng.TestNGDirectoryTestSuite.execute(TestNGDirectoryTestSuite.java:108)
at org.apache.maven.surefire.testng.TestNGProvider.invoke(TestNGProvider.java:111)
at org.apache.maven.surefire.booter.ForkedBooter.invokeProviderInSameClassLoader(ForkedBooter.java:203)
at org.apache.maven.surefire.booter.ForkedBooter.runSuitesInProcess(ForkedBooter.java:155)
at org.apache.maven.surefire.booter.ForkedBooter.main(ForkedBooter.java:103)
]]>
            </full-stacktrace>
          </exception> <!-- java.lang.AssertionError -->
          <reporter-output>
          </reporter-output>
        </test-method> <!-- incorrectCurrentAverageExchangeRateTest -->
      </class> <!-- NegativeCurrencyTest -->
      <class name="PositiveCurrencyTest">
        <test-method signature="currentAverageExchangeRateTest(java.lang.String, java.lang.String, java.lang.String)[pri:0, instance:PositiveCurrencyTest@59942b48]" started-at="2018-11-19T16:23:06Z" name="currentAverageExchangeRateTest" data-provider="Currencies" finished-at="2018-11-19T16:23:06Z" duration-ms="239" status="PASS">
          <params>
            <param index="0">
              <value>
                <![CDATA[a]]>
              </value>
            </param>
            <param index="1">
              <value>
                <![CDATA[chf]]>
              </value>
            </param>
            <param index="2">
              <value>
                <![CDATA[frank szwajcarski]]>
              </value>
            </param>
          </params>
          <reporter-output>
          </reporter-output>
        </test-method> <!-- currentAverageExchangeRateTest -->
        <test-method signature="currentAverageExchangeRateTest(java.lang.String, java.lang.String, java.lang.String)[pri:0, instance:PositiveCurrencyTest@59942b48]" started-at="2018-11-19T16:23:06Z" name="currentAverageExchangeRateTest" data-provider="Currencies" finished-at="2018-11-19T16:23:06Z" duration-ms="183" status="PASS">
          <params>
            <param index="0">
              <value>
                <![CDATA[a]]>
              </value>
            </param>
            <param index="1">
              <value>
                <![CDATA[usd]]>
              </value>
            </param>
            <param index="2">
              <value>
                <![CDATA[dolar amerykański]]>
              </value>
            </param>
          </params>
          <reporter-output>
          </reporter-output>
        </test-method> <!-- currentAverageExchangeRateTest -->
        <test-method signature="currentAverageExchangeRateTest(java.lang.String, java.lang.String, java.lang.String)[pri:0, instance:PositiveCurrencyTest@59942b48]" started-at="2018-11-19T16:23:06Z" name="currentAverageExchangeRateTest" data-provider="Currencies" finished-at="2018-11-19T16:23:07Z" duration-ms="119" status="PASS">
          <params>
            <param index="0">
              <value>
                <![CDATA[a]]>
              </value>
            </param>
            <param index="1">
              <value>
                <![CDATA[eur]]>
              </value>
            </param>
            <param index="2">
              <value>
                <![CDATA[euro]]>
              </value>
            </param>
          </params>
          <reporter-output>
          </reporter-output>
        </test-method> <!-- currentAverageExchangeRateTest -->
        <test-method signature="currentAverageExchangeRateTest(java.lang.String, java.lang.String, java.lang.String)[pri:0, instance:PositiveCurrencyTest@59942b48]" started-at="2018-11-19T16:23:07Z" name="currentAverageExchangeRateTest" data-provider="Currencies" finished-at="2018-11-19T16:23:07Z" duration-ms="183" status="PASS">
          <params>
            <param index="0">
              <value>
                <![CDATA[a]]>
              </value>
            </param>
            <param index="1">
              <value>
                <![CDATA[rub]]>
              </value>
            </param>
            <param index="2">
              <value>
                <![CDATA[rubel rosyjski]]>
              </value>
            </param>
          </params>
          <reporter-output>
          </reporter-output>
        </test-method> <!-- currentAverageExchangeRateTest -->
        <test-method signature="currentAverageExchangeRateTest(java.lang.String, java.lang.String, java.lang.String)[pri:0, instance:PositiveCurrencyTest@59942b48]" started-at="2018-11-19T16:23:07Z" name="currentAverageExchangeRateTest" data-provider="Currencies" finished-at="2018-11-19T16:23:07Z" duration-ms="120" status="PASS">
          <params>
            <param index="0">
              <value>
                <![CDATA[a]]>
              </value>
            </param>
            <param index="1">
              <value>
                <![CDATA[uah]]>
              </value>
            </param>
            <param index="2">
              <value>
                <![CDATA[hrywna (Ukraina)]]>
              </value>
            </param>
          </params>
          <reporter-output>
          </reporter-output>
        </test-method> <!-- currentAverageExchangeRateTest -->
      </class> <!-- PositiveCurrencyTest -->
    </test> <!-- Surefire test -->
  </suite> <!-- Surefire suite -->
</testng-results>
