<?xml version="1.0" encoding="UTF-8"?>
<testsuite name="TestSuite" time="1.814" tests="9" errors="0" skipped="0" failures="4">
  <properties>
[...]
</properties>
  <testcase name="incorrectCurrentAverageExchangeRateTest" classname="NegativeCurrencyTest" time="1.577">
    <failure message="The following asserts failed:&#10;	Returned incorrect status code:  expected [400] but found [404],&#10;	Returned incorrect response body:  expected [400 Bad Request] but found [404 NotFound - Not Found - Brak danych]" type="java.lang.AssertionError">java.lang.AssertionError: The following asserts failed:
	Returned incorrect status code:  expected [400] but found [404],
	Returned incorrect response body:  expected [400 Bad Request] but found [404 NotFound - Not Found - Brak danych]
	at org.testng.asserts.SoftAssert.assertAll(SoftAssert.java:43)
	at NegativeCurrencyTest.incorrectCurrentAverageExchangeRateTest(NegativeCurrencyTest.java:31)
</failure>
    <system-out><![CDATA[Configuring TestNG with: TestNG652Configurator
]]></system-out>
    <system-err><![CDATA[SLF4J: Failed to load class "org.slf4j.impl.StaticLoggerBinder".
SLF4J: Defaulting to no-operation (NOP) logger implementation
SLF4J: See http://www.slf4j.org/codes.html#StaticLoggerBinder for further details.
]]></system-err>
  </testcase>
  <testcase name="incorrectCurrentAverageExchangeRateTest" classname="NegativeCurrencyTest" time="0.143">
    <failure message="The following asserts failed:&#10;	Returned incorrect response body:  expected [400 Bad Request] but found [400 BadRequest - Bad Request - Nieprawidłowa wartość parametru: {table}=&apos;r&apos;]" type="java.lang.AssertionError">java.lang.AssertionError: The following asserts failed:
	Returned incorrect response body:  expected [400 Bad Request] but found [400 BadRequest - Bad Request - Nieprawidłowa wartość parametru: {table}='r']
	at org.testng.asserts.SoftAssert.assertAll(SoftAssert.java:43)
	at NegativeCurrencyTest.incorrectCurrentAverageExchangeRateTest(NegativeCurrencyTest.java:31)
</failure>
  </testcase>
  <testcase name="incorrectCurrentAverageExchangeRateTest" classname="NegativeCurrencyTest" time="0.925">
    <failure message="The following asserts failed:&#10;	Returned incorrect status code:  expected [400] but found [404],&#10;	Returned incorrect response body:  expected [400 Bad Request] but found [﻿404 NotFound]" type="java.lang.AssertionError">java.lang.AssertionError: The following asserts failed:
	Returned incorrect status code:  expected [400] but found [404],
	Returned incorrect response body:  expected [400 Bad Request] but found [﻿404 NotFound]
	at org.testng.asserts.SoftAssert.assertAll(SoftAssert.java:43)
	at NegativeCurrencyTest.incorrectCurrentAverageExchangeRateTest(NegativeCurrencyTest.java:31)
</failure>
  </testcase>
  <testcase name="incorrectCurrentAverageExchangeRateTest" classname="NegativeCurrencyTest" time="0.251">
    <failure message="The following asserts failed:&#10;	Returned incorrect status code:  expected [400] but found [404],&#10;	Returned incorrect response body:  expected [400 Bad Request] but found [﻿404 NotFound]" type="java.lang.AssertionError">java.lang.AssertionError: The following asserts failed:
	Returned incorrect status code:  expected [400] but found [404],
	Returned incorrect response body:  expected [400 Bad Request] but found [﻿404 NotFound]
	at org.testng.asserts.SoftAssert.assertAll(SoftAssert.java:43)
	at NegativeCurrencyTest.incorrectCurrentAverageExchangeRateTest(NegativeCurrencyTest.java:31)
</failure>
  </testcase>
  <testcase name="currentAverageExchangeRateTest" classname="PositiveCurrencyTest" time="0.237"/>
  <testcase name="currentAverageExchangeRateTest" classname="PositiveCurrencyTest" time="0.19"/>
  <testcase name="currentAverageExchangeRateTest" classname="PositiveCurrencyTest" time="0.12"/>
  <testcase name="currentAverageExchangeRateTest" classname="PositiveCurrencyTest" time="0.184"/>
  <testcase name="currentAverageExchangeRateTest" classname="PositiveCurrencyTest" time="0.121"/>
</testsuite>