-------------------------------------------------------------------------------
Test set: TestSuite
-------------------------------------------------------------------------------
Tests run: 9, Failures: 4, Errors: 0, Skipped: 0, Time elapsed: 4.86 sec <<< FAILURE! - in TestSuite
incorrectCurrentAverageExchangeRateTest(NegativeCurrencyTest)  Time elapsed: 1.577 sec  <<< FAILURE!
java.lang.AssertionError: The following asserts failed:
	Returned incorrect status code:  expected [400] but found [404],
	Returned incorrect response body:  expected [400 Bad Request] but found [404 NotFound - Not Found - Brak danych]
	at org.testng.asserts.SoftAssert.assertAll(SoftAssert.java:43)
	at NegativeCurrencyTest.incorrectCurrentAverageExchangeRateTest(NegativeCurrencyTest.java:31)

incorrectCurrentAverageExchangeRateTest(NegativeCurrencyTest)  Time elapsed: 0.143 sec  <<< FAILURE!
java.lang.AssertionError: The following asserts failed:
	Returned incorrect response body:  expected [400 Bad Request] but found [400 BadRequest - Bad Request - Nieprawidłowa wartość parametru: {table}='r']
	at org.testng.asserts.SoftAssert.assertAll(SoftAssert.java:43)
	at NegativeCurrencyTest.incorrectCurrentAverageExchangeRateTest(NegativeCurrencyTest.java:31)

incorrectCurrentAverageExchangeRateTest(NegativeCurrencyTest)  Time elapsed: 0.925 sec  <<< FAILURE!
java.lang.AssertionError: The following asserts failed:
	Returned incorrect status code:  expected [400] but found [404],
	Returned incorrect response body:  expected [400 Bad Request] but found [﻿404 NotFound]
	at org.testng.asserts.SoftAssert.assertAll(SoftAssert.java:43)
	at NegativeCurrencyTest.incorrectCurrentAverageExchangeRateTest(NegativeCurrencyTest.java:31)

incorrectCurrentAverageExchangeRateTest(NegativeCurrencyTest)  Time elapsed: 0.251 sec  <<< FAILURE!
java.lang.AssertionError: The following asserts failed:
	Returned incorrect status code:  expected [400] but found [404],
	Returned incorrect response body:  expected [400 Bad Request] but found [﻿404 NotFound]
	at org.testng.asserts.SoftAssert.assertAll(SoftAssert.java:43)
	at NegativeCurrencyTest.incorrectCurrentAverageExchangeRateTest(NegativeCurrencyTest.java:31)

